Build started 20/06/2019 10:51:55 ص.
     1>Project "C:\Users\abdallh\Desktop\The Project With Console\ConsoleApplication1\ConsoleApplication1.vcxproj" on node 2 (Build target(s)).
     1>ClCompile:
         C:\Program Files (x86)\Microsoft Visual Studio 12.0\VC\bin\CL.exe /c /ZI /nologo /W3 /WX- /sdl /Od /Oy- /D WIN32 /D _DEBUG /D _CONSOLE /D _LIB /D _UNICODE /D UNICODE /Gm /EHsc /RTC1 /MDd /GS /fp:precise /Zc:wchar_t /Zc:forScope /Fo"Debug\\" /Fd"Debug\vc120.pdb" /Gd /TP /analyze- /errorReport:prompt Source.cpp
         Source.cpp
     1>c:\users\abdallh\desktop\the project with console\consoleapplication1\source.cpp(559): warning C4018: '<' : signed/unsigned mismatch
     1>c:\users\abdallh\desktop\the project with console\consoleapplication1\source.cpp(566): warning C4018: '<' : signed/unsigned mismatch
     1>c:\users\abdallh\desktop\the project with console\consoleapplication1\source.cpp(585): warning C4018: '<' : signed/unsigned mismatch
     1>c:\users\abdallh\desktop\the project with console\consoleapplication1\source.cpp(592): warning C4018: '<' : signed/unsigned mismatch
     1>c:\users\abdallh\desktop\the project with console\consoleapplication1\source.cpp(611): warning C4018: '<' : signed/unsigned mismatch
     1>c:\users\abdallh\desktop\the project with console\consoleapplication1\source.cpp(618): warning C4018: '<' : signed/unsigned mismatch
     1>c:\users\abdallh\desktop\the project with console\consoleapplication1\source.cpp(637): warning C4018: '<' : signed/unsigned mismatch
     1>c:\users\abdallh\desktop\the project with console\consoleapplication1\source.cpp(644): warning C4018: '<' : signed/unsigned mismatch
     1>c:\users\abdallh\desktop\the project with console\consoleapplication1\source.cpp(663): warning C4018: '<' : signed/unsigned mismatch
     1>c:\users\abdallh\desktop\the project with console\consoleapplication1\source.cpp(670): warning C4018: '<' : signed/unsigned mismatch
     1>c:\users\abdallh\desktop\the project with console\consoleapplication1\source.cpp(689): warning C4018: '<' : signed/unsigned mismatch
     1>c:\users\abdallh\desktop\the project with console\consoleapplication1\source.cpp(696): warning C4018: '<' : signed/unsigned mismatch
     1>c:\users\abdallh\desktop\the project with console\consoleapplication1\source.cpp(715): warning C4018: '<' : signed/unsigned mismatch
     1>c:\users\abdallh\desktop\the project with console\consoleapplication1\source.cpp(722): warning C4018: '<' : signed/unsigned mismatch
     1>c:\users\abdallh\desktop\the project with console\consoleapplication1\source.cpp(741): warning C4018: '<' : signed/unsigned mismatch
     1>c:\users\abdallh\desktop\the project with console\consoleapplication1\source.cpp(748): warning C4018: '<' : signed/unsigned mismatch
     1>c:\users\abdallh\desktop\the project with console\consoleapplication1\source.cpp(767): warning C4018: '<' : signed/unsigned mismatch
     1>c:\users\abdallh\desktop\the project with console\consoleapplication1\source.cpp(774): warning C4018: '<' : signed/unsigned mismatch
     1>c:\users\abdallh\desktop\the project with console\consoleapplication1\source.cpp(793): warning C4018: '<' : signed/unsigned mismatch
     1>c:\users\abdallh\desktop\the project with console\consoleapplication1\source.cpp(800): warning C4018: '<' : signed/unsigned mismatch
     1>c:\users\abdallh\desktop\the project with console\consoleapplication1\source.cpp(821): warning C4244: '=' : conversion from 'time_t' to 'float', possible loss of data
     1>c:\users\abdallh\desktop\the project with console\consoleapplication1\source.cpp(927): warning C4244: 'argument' : conversion from 'time_t' to 'unsigned int', possible loss of data
       Link:
         C:\Program Files (x86)\Microsoft Visual Studio 12.0\VC\bin\link.exe /ERRORREPORT:PROMPT /OUT:"C:\Users\abdallh\Desktop\The Project With Console\Debug\ConsoleApplication1.exe" /INCREMENTAL /NOLOGO kernel32.lib user32.lib gdi32.lib winspool.lib comdlg32.lib advapi32.lib shell32.lib ole32.lib oleaut32.lib uuid.lib odbc32.lib odbccp32.lib /MANIFEST /MANIFESTUAC:"level='asInvoker' uiAccess='false'" /manifest:embed /DEBUG /PDB:"C:\Users\abdallh\Desktop\The Project With Console\Debug\ConsoleApplication1.pdb" /SUBSYSTEM:CONSOLE /TLBID:1 /DYNAMICBASE /NXCOMPAT /IMPLIB:"C:\Users\abdallh\Desktop\The Project With Console\Debug\ConsoleApplication1.lib" /MACHINE:X86 Debug\Source.obj
         ConsoleApplication1.vcxproj -> C:\Users\abdallh\Desktop\The Project With Console\Debug\ConsoleApplication1.exe
     1>Done Building Project "C:\Users\abdallh\Desktop\The Project With Console\ConsoleApplication1\ConsoleApplication1.vcxproj" (Build target(s)).

Build succeeded.

Time Elapsed 00:00:01.96
